2025-03-10 11:43:13,485 - INFO - Use pytorch device_name: mps
2025-03-10 11:43:13,486 - INFO - Load pretrained SentenceTransformer: all-MiniLM-L6-v2
2025-03-10 11:43:16,900 - INFO - Reading CSV file from datafarmer.csv
2025-03-10 11:43:16,962 - INFO - Original columns: ['Domain Code', 'Domain', 'Area Code', 'Area', 'Element Code', 'Element', 'Item Code', 'Item', 'Year Code', 'Year', 'Unit', 'Value', 'Flag', 'Flag Description', 'Note']
2025-03-10 11:43:16,962 - INFO - Available columns: ['Domain Code', 'Domain', 'Area Code', 'Area', 'Element Code', 'Element', 'Item Code', 'Item', 'Year Code', 'Year', 'Unit', 'Value', 'Flag', 'Flag Description', 'Note']
2025-03-10 11:43:16,985 - INFO - Total rows to process: 22597
2025-03-10 11:43:17,925 - ERROR - Error processing row: Numpy is not available
Row data: {'Domain Code': 'QCL', 'Domain': 'Crops and livestock products', 'Area Code': 356, 'Area': 'India', 'Element Code': 5312, 'Element': 'Area harvested', 'Item Code': '01654', 'Item': 'Anise, badian, coriander, cumin, caraway, fennel and juniper berries, raw', 'Year Code': 1961, 'Year': 1961, 'Unit': 'ha', 'Value': 90000.0, 'Flag': 'E', 'Flag Description': 'Estimated value', 'Note': nan}
2025-03-10 11:43:18,057 - ERROR - Error processing row: Numpy is not available
Row data: {'Domain Code': 'QCL', 'Domain': 'Crops and livestock products', 'Area Code': 356, 'Area': 'India', 'Element Code': 5412, 'Element': 'Yield', 'Item Code': '01654', 'Item': 'Anise, badian, coriander, cumin, caraway, fennel and juniper berries, raw', 'Year Code': 1961, 'Year': 1961, 'Unit': 'kg/ha', 'Value': 500.0, 'Flag': 'E', 'Flag Description': 'Estimated value', 'Note': nan}
2025-03-10 11:43:18,264 - ERROR - Error processing row: Numpy is not available
Row data: {'Domain Code': 'QCL', 'Domain': 'Crops and livestock products', 'Area Code': 356, 'Area': 'India', 'Element Code': 5510, 'Element': 'Production', 'Item Code': '01654', 'Item': 'Anise, badian, coriander, cumin, caraway, fennel and juniper berries, raw', 'Year Code': 1961, 'Year': 1961, 'Unit': 't', 'Value': 45000.0, 'Flag': 'E', 'Flag Description': 'Estimated value', 'Note': nan}
2025-03-10 11:43:18,398 - ERROR - Error processing row: Numpy is not available
Row data: {'Domain Code': 'QCL', 'Domain': 'Crops and livestock products', 'Area Code': 356, 'Area': 'India', 'Element Code': 5312, 'Element': 'Area harvested', 'Item Code': '01654', 'Item': 'Anise, badian, coriander, cumin, caraway, fennel and juniper berries, raw', 'Year Code': 1962, 'Year': 1962, 'Unit': 'ha', 'Value': 90000.0, 'Flag': 'E', 'Flag Description': 'Estimated value', 'Note': nan}
2025-03-10 11:43:18,530 - ERROR - Error processing row: Numpy is not available
Row data: {'Domain Code': 'QCL', 'Domain': 'Crops and livestock products', 'Area Code': 356, 'Area': 'India', 'Element Code': 5412, 'Element': 'Yield', 'Item Code': '01654', 'Item': 'Anise, badian, coriander, cumin, caraway, fennel and juniper berries, raw', 'Year Code': 1962, 'Year': 1962, 'Unit': 'kg/ha', 'Value': 500.0, 'Flag': 'E', 'Flag Description': 'Estimated value', 'Note': nan}
2025-03-10 11:43:18,630 - ERROR - Error processing row: Numpy is not available
Row data: {'Domain Code': 'QCL', 'Domain': 'Crops and livestock products', 'Area Code': 356, 'Area': 'India', 'Element Code': 5510, 'Element': 'Production', 'Item Code': '01654', 'Item': 'Anise, badian, coriander, cumin, caraway, fennel and juniper berries, raw', 'Year Code': 1962, 'Year': 1962, 'Unit': 't', 'Value': 45000.0, 'Flag': 'E', 'Flag Description': 'Estimated value', 'Note': nan}
2025-03-10 11:43:18,764 - ERROR - Error processing row: Numpy is not available
Row data: {'Domain Code': 'QCL', 'Domain': 'Crops and livestock products', 'Area Code': 356, 'Area': 'India', 'Element Code': 5312, 'Element': 'Area harvested', 'Item Code': '01654', 'Item': 'Anise, badian, coriander, cumin, caraway, fennel and juniper berries, raw', 'Year Code': 1963, 'Year': 1963, 'Unit': 'ha', 'Value': 100000.0, 'Flag': 'E', 'Flag Description': 'Estimated value', 'Note': nan}
2025-03-10 11:43:18,900 - ERROR - Error processing row: Numpy is not available
Row data: {'Domain Code': 'QCL', 'Domain': 'Crops and livestock products', 'Area Code': 356, 'Area': 'India', 'Element Code': 5412, 'Element': 'Yield', 'Item Code': '01654', 'Item': 'Anise, badian, coriander, cumin, caraway, fennel and juniper berries, raw', 'Year Code': 1963, 'Year': 1963, 'Unit': 'kg/ha', 'Value': 500.0, 'Flag': 'E', 'Flag Description': 'Estimated value', 'Note': nan}
2025-03-10 11:43:19,000 - ERROR - Error processing row: Numpy is not available
Row data: {'Domain Code': 'QCL', 'Domain': 'Crops and livestock products', 'Area Code': 356, 'Area': 'India', 'Element Code': 5510, 'Element': 'Production', 'Item Code': '01654', 'Item': 'Anise, badian, coriander, cumin, caraway, fennel and juniper berries, raw', 'Year Code': 1963, 'Year': 1963, 'Unit': 't', 'Value': 50000.0, 'Flag': 'E', 'Flag Description': 'Estimated value', 'Note': nan}
2025-03-10 11:43:19,133 - ERROR - Error processing row: Numpy is not available
Row data: {'Domain Code': 'QCL', 'Domain': 'Crops and livestock products', 'Area Code': 356, 'Area': 'India', 'Element Code': 5312, 'Element': 'Area harvested', 'Item Code': '01654', 'Item': 'Anise, badian, coriander, cumin, caraway, fennel and juniper berries, raw', 'Year Code': 1964, 'Year': 1964, 'Unit': 'ha', 'Value': 100000.0, 'Flag': 'E', 'Flag Description': 'Estimated value', 'Note': nan}
