2025-03-10 11:41:44,431 - INFO - Use pytorch device_name: mps
2025-03-10 11:41:44,431 - INFO - Load pretrained SentenceTransformer: all-MiniLM-L6-v2
2025-03-10 11:41:47,952 - INFO - Reading CSV file from datafarmer.csv
2025-03-10 11:41:48,011 - INFO - Original columns: ['Domain Code', 'Domain', 'Area Code', 'Area', 'Element Code', 'Element', 'Item Code', 'Item', 'Year Code', 'Year', 'Unit', 'Value', 'Flag', 'Flag Description', 'Note']
2025-03-10 11:41:48,011 - INFO - Available columns: ['Domain Code', 'Domain', 'Area Code', 'Area', 'Element Code', 'Element', 'Item Code', 'Item', 'Year Code', 'Year', 'Unit', 'Value', 'Flag', 'Flag Description', 'Note']
2025-03-10 11:41:48,034 - INFO - Total rows to process: 22597
2025-03-10 11:41:48,392 - ERROR - Error processing row: Numpy is not available
Row data: {'Domain Code': 'QCL', 'Domain': 'Crops and livestock products', 'Area Code': 356, 'Area': 'India', 'Element Code': 5312, 'Element': 'Area harvested', 'Item Code': '01654', 'Item': 'Anise, badian, coriander, cumin, caraway, fennel and juniper berries, raw', 'Year Code': 1961, 'Year': 1961, 'Unit': 'ha', 'Value': 90000.0, 'Flag': 'E', 'Flag Description': 'Estimated value', 'Note': nan}
2025-03-10 11:41:48,523 - ERROR - Error processing row: Numpy is not available
Row data: {'Domain Code': 'QCL', 'Domain': 'Crops and livestock products', 'Area Code': 356, 'Area': 'India', 'Element Code': 5412, 'Element': 'Yield', 'Item Code': '01654', 'Item': 'Anise, badian, coriander, cumin, caraway, fennel and juniper berries, raw', 'Year Code': 1961, 'Year': 1961, 'Unit': 'kg/ha', 'Value': 500.0, 'Flag': 'E', 'Flag Description': 'Estimated value', 'Note': nan}
2025-03-10 11:41:48,723 - ERROR - Error processing row: Numpy is not available
Row data: {'Domain Code': 'QCL', 'Domain': 'Crops and livestock products', 'Area Code': 356, 'Area': 'India', 'Element Code': 5510, 'Element': 'Production', 'Item Code': '01654', 'Item': 'Anise, badian, coriander, cumin, caraway, fennel and juniper berries, raw', 'Year Code': 1961, 'Year': 1961, 'Unit': 't', 'Value': 45000.0, 'Flag': 'E', 'Flag Description': 'Estimated value', 'Note': nan}
2025-03-10 11:41:48,856 - ERROR - Error processing row: Numpy is not available
Row data: {'Domain Code': 'QCL', 'Domain': 'Crops and livestock products', 'Area Code': 356, 'Area': 'India', 'Element Code': 5312, 'Element': 'Area harvested', 'Item Code': '01654', 'Item': 'Anise, badian, coriander, cumin, caraway, fennel and juniper berries, raw', 'Year Code': 1962, 'Year': 1962, 'Unit': 'ha', 'Value': 90000.0, 'Flag': 'E', 'Flag Description': 'Estimated value', 'Note': nan}
2025-03-10 11:41:48,989 - ERROR - Error processing row: Numpy is not available
Row data: {'Domain Code': 'QCL', 'Domain': 'Crops and livestock products', 'Area Code': 356, 'Area': 'India', 'Element Code': 5412, 'Element': 'Yield', 'Item Code': '01654', 'Item': 'Anise, badian, coriander, cumin, caraway, fennel and juniper berries, raw', 'Year Code': 1962, 'Year': 1962, 'Unit': 'kg/ha', 'Value': 500.0, 'Flag': 'E', 'Flag Description': 'Estimated value', 'Note': nan}
2025-03-10 11:41:49,088 - ERROR - Error processing row: Numpy is not available
Row data: {'Domain Code': 'QCL', 'Domain': 'Crops and livestock products', 'Area Code': 356, 'Area': 'India', 'Element Code': 5510, 'Element': 'Production', 'Item Code': '01654', 'Item': 'Anise, badian, coriander, cumin, caraway, fennel and juniper berries, raw', 'Year Code': 1962, 'Year': 1962, 'Unit': 't', 'Value': 45000.0, 'Flag': 'E', 'Flag Description': 'Estimated value', 'Note': nan}
2025-03-10 11:41:49,221 - ERROR - Error processing row: Numpy is not available
Row data: {'Domain Code': 'QCL', 'Domain': 'Crops and livestock products', 'Area Code': 356, 'Area': 'India', 'Element Code': 5312, 'Element': 'Area harvested', 'Item Code': '01654', 'Item': 'Anise, badian, coriander, cumin, caraway, fennel and juniper berries, raw', 'Year Code': 1963, 'Year': 1963, 'Unit': 'ha', 'Value': 100000.0, 'Flag': 'E', 'Flag Description': 'Estimated value', 'Note': nan}
2025-03-10 11:41:49,355 - ERROR - Error processing row: Numpy is not available
Row data: {'Domain Code': 'QCL', 'Domain': 'Crops and livestock products', 'Area Code': 356, 'Area': 'India', 'Element Code': 5412, 'Element': 'Yield', 'Item Code': '01654', 'Item': 'Anise, badian, coriander, cumin, caraway, fennel and juniper berries, raw', 'Year Code': 1963, 'Year': 1963, 'Unit': 'kg/ha', 'Value': 500.0, 'Flag': 'E', 'Flag Description': 'Estimated value', 'Note': nan}
2025-03-10 11:41:49,483 - ERROR - Error processing row: Numpy is not available
Row data: {'Domain Code': 'QCL', 'Domain': 'Crops and livestock products', 'Area Code': 356, 'Area': 'India', 'Element Code': 5510, 'Element': 'Production', 'Item Code': '01654', 'Item': 'Anise, badian, coriander, cumin, caraway, fennel and juniper berries, raw', 'Year Code': 1963, 'Year': 1963, 'Unit': 't', 'Value': 50000.0, 'Flag': 'E', 'Flag Description': 'Estimated value', 'Note': nan}
2025-03-10 11:41:49,621 - ERROR - Error processing row: Numpy is not available
Row data: {'Domain Code': 'QCL', 'Domain': 'Crops and livestock products', 'Area Code': 356, 'Area': 'India', 'Element Code': 5312, 'Element': 'Area harvested', 'Item Code': '01654', 'Item': 'Anise, badian, coriander, cumin, caraway, fennel and juniper berries, raw', 'Year Code': 1964, 'Year': 1964, 'Unit': 'ha', 'Value': 100000.0, 'Flag': 'E', 'Flag Description': 'Estimated value', 'Note': nan}
2025-03-10 11:41:49,753 - ERROR - Error processing row: Numpy is not available
Row data: {'Domain Code': 'QCL', 'Domain': 'Crops and livestock products', 'Area Code': 356, 'Area': 'India', 'Element Code': 5412, 'Element': 'Yield', 'Item Code': '01654', 'Item': 'Anise, badian, coriander, cumin, caraway, fennel and juniper berries, raw', 'Year Code': 1964, 'Year': 1964, 'Unit': 'kg/ha', 'Value': 500.0, 'Flag': 'E', 'Flag Description': 'Estimated value', 'Note': nan}
2025-03-10 11:41:49,849 - ERROR - Error processing row: Numpy is not available
Row data: {'Domain Code': 'QCL', 'Domain': 'Crops and livestock products', 'Area Code': 356, 'Area': 'India', 'Element Code': 5510, 'Element': 'Production', 'Item Code': '01654', 'Item': 'Anise, badian, coriander, cumin, caraway, fennel and juniper berries, raw', 'Year Code': 1964, 'Year': 1964, 'Unit': 't', 'Value': 50000.0, 'Flag': 'E', 'Flag Description': 'Estimated value', 'Note': nan}
2025-03-10 11:41:49,987 - ERROR - Error processing row: Numpy is not available
Row data: {'Domain Code': 'QCL', 'Domain': 'Crops and livestock products', 'Area Code': 356, 'Area': 'India', 'Element Code': 5312, 'Element': 'Area harvested', 'Item Code': '01654', 'Item': 'Anise, badian, coriander, cumin, caraway, fennel and juniper berries, raw', 'Year Code': 1965, 'Year': 1965, 'Unit': 'ha', 'Value': 100000.0, 'Flag': 'E', 'Flag Description': 'Estimated value', 'Note': nan}
2025-03-10 11:41:50,119 - ERROR - Error processing row: Numpy is not available
Row data: {'Domain Code': 'QCL', 'Domain': 'Crops and livestock products', 'Area Code': 356, 'Area': 'India', 'Element Code': 5412, 'Element': 'Yield', 'Item Code': '01654', 'Item': 'Anise, badian, coriander, cumin, caraway, fennel and juniper berries, raw', 'Year Code': 1965, 'Year': 1965, 'Unit': 'kg/ha', 'Value': 500.0, 'Flag': 'E', 'Flag Description': 'Estimated value', 'Note': nan}
2025-03-10 11:41:50,218 - ERROR - Error processing row: Numpy is not available
Row data: {'Domain Code': 'QCL', 'Domain': 'Crops and livestock products', 'Area Code': 356, 'Area': 'India', 'Element Code': 5510, 'Element': 'Production', 'Item Code': '01654', 'Item': 'Anise, badian, coriander, cumin, caraway, fennel and juniper berries, raw', 'Year Code': 1965, 'Year': 1965, 'Unit': 't', 'Value': 50000.0, 'Flag': 'E', 'Flag Description': 'Estimated value', 'Note': nan}
2025-03-10 11:41:50,481 - ERROR - Error processing row: Numpy is not available
Row data: {'Domain Code': 'QCL', 'Domain': 'Crops and livestock products', 'Area Code': 356, 'Area': 'India', 'Element Code': 5312, 'Element': 'Area harvested', 'Item Code': '01654', 'Item': 'Anise, badian, coriander, cumin, caraway, fennel and juniper berries, raw', 'Year Code': 1966, 'Year': 1966, 'Unit': 'ha', 'Value': 97000.0, 'Flag': 'E', 'Flag Description': 'Estimated value', 'Note': nan}
2025-03-10 11:41:50,645 - ERROR - Error processing row: Numpy is not available
Row data: {'Domain Code': 'QCL', 'Domain': 'Crops and livestock products', 'Area Code': 356, 'Area': 'India', 'Element Code': 5412, 'Element': 'Yield', 'Item Code': '01654', 'Item': 'Anise, badian, coriander, cumin, caraway, fennel and juniper berries, raw', 'Year Code': 1966, 'Year': 1966, 'Unit': 'kg/ha', 'Value': 494.8, 'Flag': 'E', 'Flag Description': 'Estimated value', 'Note': nan}
2025-03-10 11:41:50,745 - ERROR - Error processing row: Numpy is not available
Row data: {'Domain Code': 'QCL', 'Domain': 'Crops and livestock products', 'Area Code': 356, 'Area': 'India', 'Element Code': 5510, 'Element': 'Production', 'Item Code': '01654', 'Item': 'Anise, badian, coriander, cumin, caraway, fennel and juniper berries, raw', 'Year Code': 1966, 'Year': 1966, 'Unit': 't', 'Value': 48000.0, 'Flag': 'E', 'Flag Description': 'Estimated value', 'Note': nan}
2025-03-10 11:41:50,910 - ERROR - Error processing row: Numpy is not available
Row data: {'Domain Code': 'QCL', 'Domain': 'Crops and livestock products', 'Area Code': 356, 'Area': 'India', 'Element Code': 5312, 'Element': 'Area harvested', 'Item Code': '01654', 'Item': 'Anise, badian, coriander, cumin, caraway, fennel and juniper berries, raw', 'Year Code': 1967, 'Year': 1967, 'Unit': 'ha', 'Value': 97000.0, 'Flag': 'E', 'Flag Description': 'Estimated value', 'Note': nan}
2025-03-10 11:41:51,073 - ERROR - Error processing row: Numpy is not available
Row data: {'Domain Code': 'QCL', 'Domain': 'Crops and livestock products', 'Area Code': 356, 'Area': 'India', 'Element Code': 5412, 'Element': 'Yield', 'Item Code': '01654', 'Item': 'Anise, badian, coriander, cumin, caraway, fennel and juniper berries, raw', 'Year Code': 1967, 'Year': 1967, 'Unit': 'kg/ha', 'Value': 494.8, 'Flag': 'E', 'Flag Description': 'Estimated value', 'Note': nan}
2025-03-10 11:41:51,173 - ERROR - Error processing row: Numpy is not available
Row data: {'Domain Code': 'QCL', 'Domain': 'Crops and livestock products', 'Area Code': 356, 'Area': 'India', 'Element Code': 5510, 'Element': 'Production', 'Item Code': '01654', 'Item': 'Anise, badian, coriander, cumin, caraway, fennel and juniper berries, raw', 'Year Code': 1967, 'Year': 1967, 'Unit': 't', 'Value': 48000.0, 'Flag': 'E', 'Flag Description': 'Estimated value', 'Note': nan}
